2018-10-05 17:31:20 DEBUG Server:56 - User with name: джджлдж was register
2018-10-05 17:31:20 DEBUG Server:57 - User with name: джджлдж send message: ьбюьбюьбю
2018-10-05 17:49:46 DEBUG Server:56 - User with name: лзззм ит was register
2018-10-05 17:49:46 DEBUG Server:57 - User with name: лзззм ит send message: жждждд
2018-10-06 20:51:55 DEBUG Server:56 - User with name: nnnnn was register
2018-10-06 20:51:55 DEBUG Server:57 - User with name: nnnnn send message: mmm
2018-10-07 15:46:51 DEBUG Server:56 - User with name: klkkl was register
2018-10-07 15:46:51 DEBUG Server:57 - User with name: klkkl send message: nm,m
2018-10-07 16:34:07 DEBUG Server:56 - User with name: /./.xc/ was register
2018-10-07 16:34:07 DEBUG Server:57 - User with name: /./.xc/ send message: ,.x,c.x
2018-10-07 16:47:51 DEBUG Server:56 - User with name: ddddddddddd was register
2018-10-07 16:47:51 DEBUG Server:57 - User with name: ddddddddddd send message: dddddddddddd
2018-10-08 00:14:13 DEBUG Server:58 - User with name: бюбю was register
2018-10-08 00:14:13 DEBUG Server:59 - User with name: бюбю send message: бюб
2018-10-08 00:28:23 DEBUG Server:58 - User with name: ч was register
2018-10-08 00:28:23 DEBUG Server:59 - User with name: ч send message: м
2018-10-08 00:36:08 DEBUG Server:58 - User with name: бюбю was register
2018-10-08 00:36:08 DEBUG Server:59 - User with name: бюбю send message: бюбю
2018-10-08 04:28:07 DEBUG Server:58 - User with name: ll; was register
2018-10-08 04:28:07 DEBUG Server:59 - User with name: ll; send message: l
2018-10-08 04:30:45 DEBUG Server:58 - User with name: sdsd was register
2018-10-08 04:30:45 DEBUG Server:59 - User with name: sdsd send message: dsds
2018-10-08 05:15:42 DEBUG Server:58 - User with name: авп was register
2018-10-08 05:15:42 DEBUG Server:59 - User with name: авп send message: вап
